2018-03-08 07:09:58[WARN] user: root
GET /api/admin/cms/categories?
USE eager loading detected
  Cms::Category => [:childrens]
  Add to your finder: :includes => [:childrens]
Call stack
  /var/www/one_cms/config/initializers/json_filter.rb:34:in `serializable_hash_with_objects'
  /var/www/one_cms/config/initializers/json_filter.rb:34:in `serializable_hash_with_objects'
  /var/www/one_cms/config/initializers/json_filter.rb:98:in `as_json_with_options'
  /var/www/one_cms/app/controllers/admin/cms/categories_controller.rb:7:in `index'

2018-03-08 12:14:03[WARN] user: root
GET /api/admin/cms/categories?
USE eager loading detected
  Cms::Category => [:childrens]
  Add to your finder: :includes => [:childrens]
Call stack
  /var/www/one_cms/config/initializers/json_filter.rb:34:in `serializable_hash_with_objects'
  /var/www/one_cms/config/initializers/json_filter.rb:34:in `serializable_hash_with_objects'
  /var/www/one_cms/config/initializers/json_filter.rb:98:in `as_json_with_options'
  /var/www/one_cms/app/controllers/admin/cms/categories_controller.rb:7:in `index'

2018-03-08 12:19:19[WARN] user: root
GET /api/admin/cms/categories?
USE eager loading detected
  Cms::Category => [:childrens]
  Add to your finder: :includes => [:childrens]
Call stack
  /var/www/one_cms/config/initializers/json_filter.rb:34:in `serializable_hash_with_objects'
  /var/www/one_cms/config/initializers/json_filter.rb:34:in `serializable_hash_with_objects'
  /var/www/one_cms/config/initializers/json_filter.rb:98:in `as_json_with_options'
  /var/www/one_cms/app/controllers/admin/cms/categories_controller.rb:7:in `index'

2018-03-08 12:19:21[WARN] user: root
GET /api/admin/cms/categories/tree?
USE eager loading detected
  Cms::Category => [:childrens]
  Add to your finder: :includes => [:childrens]
Call stack
  /var/www/one_cms/config/initializers/json_filter.rb:34:in `serializable_hash_with_objects'
  /var/www/one_cms/config/initializers/json_filter.rb:34:in `serializable_hash_with_objects'
  /var/www/one_cms/config/initializers/json_filter.rb:98:in `as_json_with_options'
  /var/www/one_cms/app/controllers/admin/cms/categories_controller.rb:20:in `tree'

2018-03-08 12:19:26[WARN] user: root
GET /api/admin/cms/categories?
USE eager loading detected
  Cms::Category => [:childrens]
  Add to your finder: :includes => [:childrens]
Call stack
  /var/www/one_cms/config/initializers/json_filter.rb:34:in `serializable_hash_with_objects'
  /var/www/one_cms/config/initializers/json_filter.rb:34:in `serializable_hash_with_objects'
  /var/www/one_cms/config/initializers/json_filter.rb:98:in `as_json_with_options'
  /var/www/one_cms/app/controllers/admin/cms/categories_controller.rb:7:in `index'

2018-03-09 02:48:44[WARN] user: root
GET /api/admin/cms/categories?
USE eager loading detected
  Cms::Category => [:childrens]
  Add to your finder: :includes => [:childrens]
Call stack
  /var/www/one_cms/config/initializers/json_filter.rb:34:in `serializable_hash_with_objects'
  /var/www/one_cms/config/initializers/json_filter.rb:34:in `serializable_hash_with_objects'
  /var/www/one_cms/config/initializers/json_filter.rb:98:in `as_json_with_options'
  /var/www/one_cms/app/controllers/admin/cms/categories_controller.rb:7:in `index'

2018-03-09 02:48:46[WARN] user: root
GET /api/admin/cms/categories/tree?
USE eager loading detected
  Cms::Category => [:childrens]
  Add to your finder: :includes => [:childrens]
Call stack
  /var/www/one_cms/config/initializers/json_filter.rb:34:in `serializable_hash_with_objects'
  /var/www/one_cms/config/initializers/json_filter.rb:34:in `serializable_hash_with_objects'
  /var/www/one_cms/config/initializers/json_filter.rb:98:in `as_json_with_options'
  /var/www/one_cms/app/controllers/admin/cms/categories_controller.rb:20:in `tree'

2018-03-09 02:48:58[WARN] user: root
GET /api/admin/cms/categories?
USE eager loading detected
  Cms::Category => [:childrens]
  Add to your finder: :includes => [:childrens]
Call stack
  /var/www/one_cms/config/initializers/json_filter.rb:34:in `serializable_hash_with_objects'
  /var/www/one_cms/config/initializers/json_filter.rb:34:in `serializable_hash_with_objects'
  /var/www/one_cms/config/initializers/json_filter.rb:98:in `as_json_with_options'
  /var/www/one_cms/app/controllers/admin/cms/categories_controller.rb:7:in `index'

2018-03-09 03:14:54[WARN] user: root
GET /api/admin/cms/categories?
USE eager loading detected
  Cms::Category => [:childrens]
  Add to your finder: :includes => [:childrens]
Call stack
  /var/www/one_cms/config/initializers/json_filter.rb:34:in `serializable_hash_with_objects'
  /var/www/one_cms/config/initializers/json_filter.rb:34:in `serializable_hash_with_objects'
  /var/www/one_cms/config/initializers/json_filter.rb:98:in `as_json_with_options'
  /var/www/one_cms/app/controllers/admin/cms/categories_controller.rb:7:in `index'

